<!DOCTYPE html PUBLIC "-//W3C//DTD XHTML 1.1//EN" "http://www.w3.org/TR/xhtml11/DTD/xhtml11.dtd">
<html xmlns="http://www.w3.org/1999/xhtml">
<head>
<meta http-equiv="content-type" content="text/html; charset=UTF-8"/>
<title>TestNG Report</title>
<style type="text/css">table {margin-bottom:10px;border-collapse:collapse;empty-cells:show}th,td {border:1px solid #009;padding:.25em .5em}th {vertical-align:bottom}td {vertical-align:top}table a {font-weight:bold}.stripe td {background-color: #E6EBF9}.num {text-align:right}.passedodd td {background-color: #3F3}.passedeven td {background-color: #0A0}.skippedodd td {background-color: #DDD}.skippedeven td {background-color: #CCC}.failedodd td,.attn {background-color: #F33}.failedeven td,.stripe .attn {background-color: #D00}.stacktrace {white-space:pre;font-family:monospace}.totop {font-size:85%;text-align:center;border-bottom:2px solid #000}.invisible {display:none}</style>
</head>
<body>
<table>
<tr><th>Test</th><th># Passed</th><th># Skipped</th><th># Retried</th><th># Failed</th><th>Time (ms)</th><th>Included Groups</th><th>Excluded Groups</th></tr>
<tr><th colspan="8">Regression</th></tr>
<tr><td><a href="#t0">All Functionalities</a></td><td class="num">24</td><td class="num">0</td><td class="num">0</td><td class="num attn">2</td><td class="num">340,613</td><td></td><td></td></tr>
</table>
<table id='summary'><thead><tr><th>Class</th><th>Method</th><th>Start</th><th>Time (ms)</th></tr></thead><tbody><tr><th colspan="4">Regression</th></tr></tbody><tbody id="t0"><tr><th colspan="4">All Functionalities &#8212; failed</th></tr><tr class="failedeven"><td rowspan="1">scripts._03_EtsyTest</td><td><a href="#m0">testMainHeader</a></td><td rowspan="1">1654976217567</td><td rowspan="1">3242</td></tr><tr class="failedodd"><td rowspan="1">scripts._07_DropdownTest</td><td><a href="#m1">testExpediaDropdowns</a></td><td rowspan="1">1654976278340</td><td rowspan="1">24254</td></tr><tr><th colspan="4">All Functionalities &#8212; passed</th></tr><tr class="passedeven"><td rowspan="1">scripts._01_AppleTest</td><td><a href="#m2">testAppleURL</a></td><td rowspan="1">1654976209225</td><td rowspan="1">2626</td></tr><tr class="passedodd"><td rowspan="1">scripts._04_GoogleSearchTest</td><td><a href="#m3">testGoogleStoreLink</a></td><td rowspan="1">1654976225967</td><td rowspan="1">3414</td></tr><tr class="passedeven"><td rowspan="1">scripts._05_CheckBoxTest</td><td><a href="#m4">testCheckBoxInHeroApp</a></td><td rowspan="1">1654976235005</td><td rowspan="1">9208</td></tr><tr class="passedodd"><td rowspan="1">scripts._06_RadioButtonTest</td><td><a href="#m5">testFacebookGenderRadioButtons</a></td><td rowspan="1">1654976249852</td><td rowspan="1">9808</td></tr><tr class="passedeven"><td rowspan="2">scripts._07_DropdownTest</td><td><a href="#m6">testEbayDropdown</a></td><td rowspan="1">1654976308854</td><td rowspan="1">0</td></tr><tr class="passedeven"><td><a href="#m7">testUnsecurePasswordErrorMessage</a></td><td rowspan="1">1654976265228</td><td rowspan="1">7612</td></tr><tr class="passedodd"><td rowspan="5">scripts._08_Alerts</td><td><a href="#m8">testAmazonAddressModal</a></td><td rowspan="1">1654976374746</td><td rowspan="1">16611</td></tr><tr class="passedodd"><td><a href="#m9">testConfirmationAlert</a></td><td rowspan="1">1654976332112</td><td rowspan="1">16591</td></tr><tr class="passedodd"><td><a href="#m10">testEtsySignInModal</a></td><td rowspan="1">1654976314433</td><td rowspan="1">4843</td></tr><tr class="passedodd"><td><a href="#m11">testInformationWarningAlert</a></td><td rowspan="1">1654976324869</td><td rowspan="1">1720</td></tr><tr class="passedodd"><td><a href="#m12">testPromptAlert</a></td><td rowspan="1">1654976354119</td><td rowspan="1">15271</td></tr><tr class="passedeven"><td rowspan="2">scripts._09_IFrames</td><td><a href="#m13">testIFrame1</a></td><td rowspan="1">1654976397082</td><td rowspan="1">9946</td></tr><tr class="passedeven"><td><a href="#m14">testIFrame2</a></td><td rowspan="1">1654976412457</td><td rowspan="1">1979</td></tr><tr class="passedodd"><td rowspan="2">scripts._10_WindowHandles</td><td><a href="#m15">testTechGlobalSchoolFaceBookIcon</a></td><td rowspan="1">1654976433610</td><td rowspan="1">2494</td></tr><tr class="passedodd"><td><a href="#m16">testWindowHandle2</a></td><td rowspan="1">1654976441749</td><td rowspan="1">1456</td></tr><tr class="passedeven"><td rowspan="2">scripts._11_FileUpload</td><td><a href="#m17">testFileDownload</a></td><td rowspan="1">1654976463241</td><td rowspan="1">3093</td></tr><tr class="passedeven"><td><a href="#m18">testFileUpload1</a></td><td rowspan="1">1654976448591</td><td rowspan="1">9299</td></tr><tr class="passedodd"><td rowspan="7">scripts._12_Actions_Class</td><td><a href="#m19">clickHoldAndReleasePractice</a></td><td rowspan="1">1654976516504</td><td rowspan="1">2782</td></tr><tr class="passedodd"><td><a href="#m20">clickOnElementPractice</a></td><td rowspan="1">1654976501082</td><td rowspan="1">3546</td></tr><tr class="passedodd"><td><a href="#m21">moveToElementPractice1</a></td><td rowspan="1">1654976471533</td><td rowspan="1">5144</td></tr><tr class="passedodd"><td><a href="#m22">moveToElementPractice2</a></td><td rowspan="1">1654976482332</td><td rowspan="1">13143</td></tr><tr class="passedodd"><td><a href="#m23">practiceKeyDownAndKeyUp</a></td><td rowspan="1">1654976531292</td><td rowspan="1">9479</td></tr><tr class="passedodd"><td><a href="#m24">rightClickPractice</a></td><td rowspan="1">1654976509754</td><td rowspan="1">1502</td></tr><tr class="passedodd"><td><a href="#m25">sendKeysToAnElement</a></td><td rowspan="1">1654976524569</td><td rowspan="1">1334</td></tr></tbody>
</table>
<h2>All Functionalities</h2><h3 id="m0">scripts._03_EtsyTest#testMainHeader</h3><table class="result"><tr><th>Exception</th></tr><tr><td><div class="stacktrace">java.lang.AssertionError: The expected text IS NOT displayed expected [Shop Home Sales!] but found [Father&apos;s Day Gifts]
	at scripts._03_EtsyTest.testMainHeader(_03_EtsyTest.java:95)
	at java.base/java.util.ArrayList.forEach(ArrayList.java:1511)
... Removed 32 stack frames</div></td></tr></table><p class="totop"><a href="#summary">back to summary</a></p>
<h3 id="m1">scripts._07_DropdownTest#testExpediaDropdowns</h3><table class="result"><tr><th>Exception</th></tr><tr><td><div class="stacktrace">org.openqa.selenium.NoSuchElementException: no such element: Unable to locate element: {&quot;method&quot;:&quot;css selector&quot;,&quot;selector&quot;:&quot;#preferred\-class\-input\-trigger&quot;}
  (Session info: chrome=102.0.5005.115)
For documentation on this error, please visit: https://www.seleniumhq.org/exceptions/no_such_element.html
Build info: version: &apos;3.141.59&apos;, revision: &apos;e82be7d358&apos;, time: &apos;2018-11-14T08:17:03&apos;
System info: host: &apos;Techs-iMac.local.tld&apos;, ip: &apos;fe80:0:0:0:48e:d030:2e46:d3c5%en0&apos;, os.name: &apos;Mac OS X&apos;, os.arch: &apos;x86_64&apos;, os.version: &apos;12.3.1&apos;, java.version: &apos;18.0.1&apos;
Driver info: org.openqa.selenium.chrome.ChromeDriver
Capabilities {acceptInsecureCerts: false, browserName: chrome, browserVersion: 102.0.5005.115, chrome: {chromedriverVersion: 102.0.5005.61 (0e59bcc00cc4..., userDataDir: /var/folders/26/lc__78p51lg...}, goog:chromeOptions: {debuggerAddress: localhost:62729}, javascriptEnabled: true, networkConnectionEnabled: false, pageLoadStrategy: normal, platform: MAC, platformName: MAC, proxy: Proxy(), setWindowRect: true, strictFileInteractability: false, timeouts: {implicit: 0, pageLoad: 300000, script: 30000}, unhandledPromptBehavior: dismiss and notify, webauthn:extension:credBlob: true, webauthn:extension:largeBlob: true, webauthn:virtualAuthenticators: true}
Session ID: 713997e1de55ea0e95355424adcb73f4
*** Element info: {Using=id, value=preferred-class-input-trigger}
	at org.openqa.selenium.remote.http.W3CHttpResponseCodec.createException(W3CHttpResponseCodec.java:187)
	at org.openqa.selenium.remote.http.W3CHttpResponseCodec.decode(W3CHttpResponseCodec.java:122)
	at org.openqa.selenium.remote.http.W3CHttpResponseCodec.decode(W3CHttpResponseCodec.java:49)
	at org.openqa.selenium.remote.HttpCommandExecutor.execute(HttpCommandExecutor.java:158)
	at org.openqa.selenium.remote.service.DriverCommandExecutor.execute(DriverCommandExecutor.java:83)
	at org.openqa.selenium.remote.RemoteWebDriver.execute(RemoteWebDriver.java:552)
	at org.openqa.selenium.remote.RemoteWebDriver.findElement(RemoteWebDriver.java:323)
	at org.openqa.selenium.remote.RemoteWebDriver.findElementById(RemoteWebDriver.java:372)
	at org.openqa.selenium.By$ById.findElement(By.java:188)
	at org.openqa.selenium.remote.RemoteWebDriver.findElement(RemoteWebDriver.java:315)
	at org.openqa.selenium.support.pagefactory.DefaultElementLocator.findElement(DefaultElementLocator.java:69)
	at org.openqa.selenium.support.pagefactory.internal.LocatingElementHandler.invoke(LocatingElementHandler.java:38)
	at jdk.proxy2/jdk.proxy2.$Proxy9.click(Unknown Source)
	at scripts._07_DropdownTest.testExpediaDropdowns(_07_DropdownTest.java:82)
	at java.base/java.util.ArrayList.forEach(ArrayList.java:1511)
... Removed 31 stack frames</div></td></tr></table><p class="totop"><a href="#summary">back to summary</a></p>
<h3 id="m2">scripts._01_AppleTest#testAppleURL</h3><table class="result"><tr><th class="invisible"/></tr></table><p class="totop"><a href="#summary">back to summary</a></p>
<h3 id="m3">scripts._04_GoogleSearchTest#testGoogleStoreLink</h3><table class="result"><tr><th class="invisible"/></tr></table><p class="totop"><a href="#summary">back to summary</a></p>
<h3 id="m4">scripts._05_CheckBoxTest#testCheckBoxInHeroApp</h3><table class="result"><tr><th class="invisible"/></tr></table><p class="totop"><a href="#summary">back to summary</a></p>
<h3 id="m5">scripts._06_RadioButtonTest#testFacebookGenderRadioButtons</h3><table class="result"><tr><th class="invisible"/></tr></table><p class="totop"><a href="#summary">back to summary</a></p>
<h3 id="m6">scripts._07_DropdownTest#testEbayDropdown</h3><table class="result"><tr><th class="invisible"/></tr></table><p class="totop"><a href="#summary">back to summary</a></p>
<h3 id="m7">scripts._07_DropdownTest#testUnsecurePasswordErrorMessage</h3><table class="result"><tr><th class="invisible"/></tr></table><p class="totop"><a href="#summary">back to summary</a></p>
<h3 id="m8">scripts._08_Alerts#testAmazonAddressModal</h3><table class="result"><tr><th class="invisible"/></tr></table><p class="totop"><a href="#summary">back to summary</a></p>
<h3 id="m9">scripts._08_Alerts#testConfirmationAlert</h3><table class="result"><tr><th class="invisible"/></tr></table><p class="totop"><a href="#summary">back to summary</a></p>
<h3 id="m10">scripts._08_Alerts#testEtsySignInModal</h3><table class="result"><tr><th class="invisible"/></tr></table><p class="totop"><a href="#summary">back to summary</a></p>
<h3 id="m11">scripts._08_Alerts#testInformationWarningAlert</h3><table class="result"><tr><th class="invisible"/></tr></table><p class="totop"><a href="#summary">back to summary</a></p>
<h3 id="m12">scripts._08_Alerts#testPromptAlert</h3><table class="result"><tr><th class="invisible"/></tr></table><p class="totop"><a href="#summary">back to summary</a></p>
<h3 id="m13">scripts._09_IFrames#testIFrame1</h3><table class="result"><tr><th class="invisible"/></tr></table><p class="totop"><a href="#summary">back to summary</a></p>
<h3 id="m14">scripts._09_IFrames#testIFrame2</h3><table class="result"><tr><th class="invisible"/></tr></table><p class="totop"><a href="#summary">back to summary</a></p>
<h3 id="m15">scripts._10_WindowHandles#testTechGlobalSchoolFaceBookIcon</h3><table class="result"><tr><th class="invisible"/></tr></table><p class="totop"><a href="#summary">back to summary</a></p>
<h3 id="m16">scripts._10_WindowHandles#testWindowHandle2</h3><table class="result"><tr><th class="invisible"/></tr></table><p class="totop"><a href="#summary">back to summary</a></p>
<h3 id="m17">scripts._11_FileUpload#testFileDownload</h3><table class="result"><tr><th class="invisible"/></tr></table><p class="totop"><a href="#summary">back to summary</a></p>
<h3 id="m18">scripts._11_FileUpload#testFileUpload1</h3><table class="result"><tr><th class="invisible"/></tr></table><p class="totop"><a href="#summary">back to summary</a></p>
<h3 id="m19">scripts._12_Actions_Class#clickHoldAndReleasePractice</h3><table class="result"><tr><th class="invisible"/></tr></table><p class="totop"><a href="#summary">back to summary</a></p>
<h3 id="m20">scripts._12_Actions_Class#clickOnElementPractice</h3><table class="result"><tr><th class="invisible"/></tr></table><p class="totop"><a href="#summary">back to summary</a></p>
<h3 id="m21">scripts._12_Actions_Class#moveToElementPractice1</h3><table class="result"><tr><th class="invisible"/></tr></table><p class="totop"><a href="#summary">back to summary</a></p>
<h3 id="m22">scripts._12_Actions_Class#moveToElementPractice2</h3><table class="result"><tr><th class="invisible"/></tr></table><p class="totop"><a href="#summary">back to summary</a></p>
<h3 id="m23">scripts._12_Actions_Class#practiceKeyDownAndKeyUp</h3><table class="result"><tr><th class="invisible"/></tr></table><p class="totop"><a href="#summary">back to summary</a></p>
<h3 id="m24">scripts._12_Actions_Class#rightClickPractice</h3><table class="result"><tr><th class="invisible"/></tr></table><p class="totop"><a href="#summary">back to summary</a></p>
<h3 id="m25">scripts._12_Actions_Class#sendKeysToAnElement</h3><table class="result"><tr><th class="invisible"/></tr></table><p class="totop"><a href="#summary">back to summary</a></p>
</body>
</html>
