<?xml version="1.0" encoding="UTF-8" ?>
<testsuite tests="1" failures="1" name="scripts._03_EtsyTest" time="3.618" errors="0" skipped="0">
  <properties>
[...]
</properties>
  <testcase classname="scripts._03_EtsyTest" name="testMainHeader" time="3.618">
    <failure message="sdlkgjlsdkjglskdhgl expected [XXX] but found [Shop Home Sales!]" type="java.lang.AssertionError">java.lang.AssertionError: sdlkgjlsdkjglskdhgl expected [XXX] but found [Shop Home Sales!]
	at org.testng.Assert.fail(Assert.java:97)
	at org.testng.Assert.assertEqualsImpl(Assert.java:136)
	at org.testng.Assert.assertEquals(Assert.java:118)
	at org.testng.Assert.assertEquals(Assert.java:575)
	at scripts._03_EtsyTest.testMainHeader(_03_EtsyTest.java:99)
</failure>
    <system-out>Configuring TestNG with: org.apache.maven.surefire.testng.conf.TestNG652Configurator@5c0369c4
</system-out>
    <system-err>SLF4J: Failed to load class &quot;org.slf4j.impl.StaticLoggerBinder&quot;.
SLF4J: Defaulting to no-operation (NOP) logger implementation
SLF4J: See http://www.slf4j.org/codes.html#StaticLoggerBinder for further details.
Starting ChromeDriver 102.0.5005.61 (0e59bcc00cc4985ce39ad31c150065f159d95ad3-refs/branch-heads/5005@{#819}) on port 5603
Only local connections are allowed.
Please see https://chromedriver.chromium.org/security-considerations for suggestions on keeping ChromeDriver safe.
ChromeDriver was started successfully.
May 28, 2022 3:42:28 PM org.openqa.selenium.remote.ProtocolHandshake createSession
INFO: Detected dialect: W3C
</system-err>
  </testcase>
</testsuite>